mode: count
github.com/dataingestor/ingestor/ingestor.go:30.67,41.16 7 1
github.com/dataingestor/ingestor/ingestor.go:41.16,43.3 1 1
github.com/dataingestor/ingestor/ingestor.go:45.2,49.8 1 0
github.com/dataingestor/ingestor/ingestor.go:52.38,53.23 1 2
github.com/dataingestor/ingestor/ingestor.go:53.23,55.3 1 1
github.com/dataingestor/ingestor/ingestor.go:56.2,56.12 1 1
github.com/dataingestor/ingestor/ingestor.go:59.82,62.32 2 5
github.com/dataingestor/ingestor/ingestor.go:62.32,63.18 1 1161
github.com/dataingestor/ingestor/ingestor.go:63.18,66.11 2 1156
github.com/dataingestor/ingestor/ingestor.go:67.22,68.26 1 3
github.com/dataingestor/ingestor/ingestor.go:69.31,69.31 0 1153
github.com/dataingestor/ingestor/ingestor.go:73.4,73.49 1 1153
github.com/dataingestor/ingestor/ingestor.go:76.3,77.17 2 1158
github.com/dataingestor/ingestor/ingestor.go:77.17,79.4 1 2
github.com/dataingestor/ingestor/ingestor.go:81.3,81.19 1 1156
github.com/dataingestor/ingestor/ingestor.go:81.19,83.4 1 0
github.com/dataingestor/ingestor/ingestor.go:87.77,89.16 2 1174
github.com/dataingestor/ingestor/ingestor.go:89.16,91.3 1 0
github.com/dataingestor/ingestor/ingestor.go:93.2,97.16 4 1174
github.com/dataingestor/ingestor/ingestor.go:97.16,100.3 2 4
github.com/dataingestor/ingestor/ingestor.go:101.2,107.16 5 1170
github.com/dataingestor/ingestor/ingestor.go:107.16,109.3 1 2
github.com/dataingestor/ingestor/ingestor.go:110.2,110.41 1 1168
github.com/dataingestor/ingestor/ingestor.go:110.41,112.3 1 1
github.com/dataingestor/ingestor/ingestor.go:114.2,114.25 1 1167
github.com/dataingestor/ingestor/ingestor.go:115.21,117.66 2 1158
github.com/dataingestor/ingestor/ingestor.go:117.66,118.13 1 1154
github.com/dataingestor/ingestor/ingestor.go:118.13,121.5 2 1154
github.com/dataingestor/ingestor/ingestor.go:122.4,123.26 2 0
github.com/dataingestor/ingestor/ingestor.go:124.9,126.4 1 4
github.com/dataingestor/ingestor/ingestor.go:128.29,130.65 2 1
github.com/dataingestor/ingestor/ingestor.go:132.31,134.65 2 2
github.com/dataingestor/ingestor/ingestor.go:136.28,138.60 2 1
github.com/dataingestor/ingestor/ingestor.go:140.27,143.53 2 2
github.com/dataingestor/ingestor/ingestor.go:145.34,147.47 2 2
github.com/dataingestor/ingestor/ingestor.go:149.119,151.68 2 1
github.com/dataingestor/ingestor/ingestor.go:153.10,155.54 2 0
github.com/dataingestor/ingestor/ingestor.go:155.54,157.4 1 0
github.com/dataingestor/ingestor/ingestor.go:158.3,158.72 1 0
github.com/dataingestor/ingestor/ingestor.go:162.58,163.20 1 1165
github.com/dataingestor/ingestor/ingestor.go:163.20,165.3 1 1
github.com/dataingestor/ingestor/ingestor.go:167.2,168.19 2 1164
github.com/dataingestor/ingestor/ingestor.go:168.19,170.3 1 2
github.com/dataingestor/ingestor/ingestor.go:172.2,172.42 1 1162
github.com/dataingestor/ingestor/ingestor.go:172.42,174.3 1 2
github.com/dataingestor/ingestor/ingestor.go:177.2,178.54 2 1160
github.com/dataingestor/ingestor/ingestor.go:178.54,180.3 1 1154
github.com/dataingestor/ingestor/ingestor.go:182.2,182.42 1 6
github.com/dataingestor/ingestor/ingestor.go:182.42,183.43 1 1
github.com/dataingestor/ingestor/ingestor.go:183.43,185.4 1 1
github.com/dataingestor/ingestor/ingestor.go:188.2,188.25 1 5
github.com/dataingestor/ingestor/ingestor.go:191.55,199.16 3 9
github.com/dataingestor/ingestor/ingestor.go:199.16,201.3 1 2
github.com/dataingestor/ingestor/ingestor.go:203.2,204.12 2 7
github.com/dataingestor/ingestor/ingestor.go:207.55,215.6 5 1
github.com/dataingestor/ingestor/ingestor.go:215.6,216.10 1 1
github.com/dataingestor/ingestor/ingestor.go:217.21,219.20 2 1
github.com/dataingestor/ingestor/ingestor.go:220.19,221.15 1 0
github.com/dataingestor/ingestor/ingestor.go:226.50,230.16 3 3
github.com/dataingestor/ingestor/ingestor.go:230.16,233.3 2 2
github.com/dataingestor/ingestor/ingestor.go:235.2,236.53 2 1
github.com/dataingestor/ingestor/ingestor.go:236.53,239.3 2 0
github.com/dataingestor/ingestor/ingestor.go:241.2,241.29 1 1
github.com/dataingestor/ingestor/ingestor.go:241.29,243.3 1 3
github.com/dataingestor/ingestor/ingestor.go:245.2,245.59 1 1
github.com/dataingestor/ingestor/ingestor.go:248.61,250.57 1 10
github.com/dataingestor/ingestor/ingestor.go:250.57,258.17 3 7
github.com/dataingestor/ingestor/ingestor.go:258.17,261.4 2 0
github.com/dataingestor/ingestor/ingestor.go:262.3,262.42 1 7
github.com/dataingestor/ingestor/ingestor.go:262.42,264.4 1 1
github.com/dataingestor/ingestor/ingestor.go:267.2,267.19 1 10
github.com/dataingestor/ingestor/ingestor.go:268.21,270.58 2 4
github.com/dataingestor/ingestor/ingestor.go:270.58,273.4 2 1
github.com/dataingestor/ingestor/ingestor.go:274.3,274.39 1 3
github.com/dataingestor/ingestor/ingestor.go:276.16,278.58 2 2
github.com/dataingestor/ingestor/ingestor.go:278.58,281.4 2 0
github.com/dataingestor/ingestor/ingestor.go:282.3,282.34 1 2
github.com/dataingestor/ingestor/ingestor.go:284.16,286.58 2 2
github.com/dataingestor/ingestor/ingestor.go:286.58,289.4 2 0
github.com/dataingestor/ingestor/ingestor.go:290.3,290.34 1 2
github.com/dataingestor/ingestor/ingestor.go:292.10,293.83 1 2
